2025-08-11 16:23:23,471 - INFO - ============================================================
2025-08-11 16:23:23,472 - INFO - 多模式多波长光场调制系统
2025-08-11 16:23:23,472 - INFO - ============================================================
2025-08-11 16:23:23,472 - INFO - PyTorch版本: 2.5.1
2025-08-11 16:23:23,472 - INFO - CUDA可用: True
2025-08-11 16:23:23,503 - INFO - CUDA设备: NVIDIA GeForce RTX 4060
2025-08-11 16:23:23,503 - INFO - CUDA内存: 8.6 GB
2025-08-11 16:23:23,503 - INFO - 开始时间: 2025-08-11 16:23:23
2025-08-11 16:23:23,503 - INFO - ============================================================
2025-08-11 16:23:23,504 - INFO - 随机种子设置为: 42
2025-08-11 16:23:23,504 - INFO - 输出目录创建完成
2025-08-11 16:23:23,504 - INFO - 正在创建系统配置...
2025-08-11 16:23:23,504 - INFO - 配置创建完成:
2025-08-11 16:23:23,504 - INFO -   - 模式数量: 3
2025-08-11 16:23:23,505 - INFO -   - 波长数量: 3
2025-08-11 16:23:23,505 - ERROR - 程序执行出错: unsupported format string passed to numpy.ndarray.__format__
2025-08-11 16:23:23,505 - ERROR - 详细错误信息:
Traceback (most recent call last):
  File "/home/shiyue/ODNN/ODNN_WAVE/main.py", line 182, in main
    logger.info(f"  - 波长: {config.wavelengths * 1e9:.0f} nm")
                            ^^^^^^^^^^^^^^^^^^^^^^^^^^^^^^
TypeError: unsupported format string passed to numpy.ndarray.__format__
