2025-08-11 16:25:08,648 - INFO - ============================================================
2025-08-11 16:25:08,648 - INFO - 多模式多波长光场调制系统
2025-08-11 16:25:08,648 - INFO - ============================================================
2025-08-11 16:25:08,648 - INFO - PyTorch版本: 2.5.1
2025-08-11 16:25:08,648 - INFO - CUDA可用: True
2025-08-11 16:25:08,683 - INFO - CUDA设备: NVIDIA GeForce RTX 4060
2025-08-11 16:25:08,683 - INFO - CUDA内存: 8.6 GB
2025-08-11 16:25:08,683 - INFO - 开始时间: 2025-08-11 16:25:08
2025-08-11 16:25:08,683 - INFO - ============================================================
2025-08-11 16:25:08,685 - INFO - 随机种子设置为: 42
2025-08-11 16:25:08,685 - INFO - 输出目录创建完成
2025-08-11 16:25:08,685 - INFO - 正在创建系统配置...
2025-08-11 16:25:08,685 - INFO - 配置创建完成:
2025-08-11 16:25:08,685 - INFO -   - 模式数量: 3
2025-08-11 16:25:08,685 - INFO -   - 波长数量: 3
2025-08-11 16:25:08,685 - INFO -   - 波长: [450, 550, 650] nm
2025-08-11 16:25:08,685 - INFO -   - 场大小: 50x50
2025-08-11 16:25:08,685 - INFO -   - 层大小: 200x200
2025-08-11 16:25:08,685 - INFO -   - 检测区域大小: 15x15
2025-08-11 16:25:08,685 - INFO -   - 检测区域偏移: [(0, 0), (20, 0), (-20, 0)]
2025-08-11 16:25:08,685 - INFO -   - 像素大小: 1.0 μm
2025-08-11 16:25:08,685 - INFO -   - 层间距离: 40.0 μm
2025-08-11 16:25:08,686 - INFO -   - 传播距离: 300.0 μm
2025-08-11 16:25:08,686 - INFO -   - 设备: cuda
2025-08-11 16:25:08,686 - INFO -   - 批次大小: 3
2025-08-11 16:25:08,686 - INFO -   - 学习率: 0.01
2025-08-11 16:25:08,686 - INFO -   - 学习率衰减: 0.99
2025-08-11 16:25:08,686 - INFO -   - 训练轮数: 100
2025-08-11 16:25:08,686 - INFO -   - 保存目录: ./results_multi_mode_multi_wl/
2025-08-11 16:25:08,686 - INFO - 正在初始化数据生成器...
2025-08-11 16:25:08,686 - INFO - 数据生成器初始化成功
2025-08-11 16:25:08,686 - INFO - 正在加载多模光纤数据...
2025-08-11 16:25:08,686 - WARNING - 多模光纤数据加载失败: [Errno 2] No such file or directory: 'eigenmodes_OM4.npy'
2025-08-11 16:25:08,686 - INFO - 将使用模拟数据继续...
2025-08-11 16:25:08,686 - INFO - 正在生成训练数据...
2025-08-11 16:25:08,686 - ERROR - 训练数据生成失败: 'DataGenerator' object has no attribute 'create_data_loaders'
2025-08-11 16:25:08,686 - INFO - 创建虚拟数据加载器...
2025-08-11 16:25:08,696 - INFO - 虚拟数据加载器创建完成
2025-08-11 16:25:08,696 - INFO - 正在创建衍射神经网络模型...
2025-08-11 16:25:08,966 - INFO - 模型创建完成:
2025-08-11 16:25:08,966 - INFO -   - 总参数数量: 40,003
2025-08-11 16:25:08,966 - INFO -   - 可训练参数数量: 40,003
2025-08-11 16:25:08,966 - INFO -   - 模型设备: cuda:0
2025-08-11 16:25:08,966 - INFO - 正在初始化训练器...
2025-08-11 16:25:08,966 - ERROR - 训练器初始化失败: Trainer.__init__() missing 1 required positional argument: 'model_class'
2025-08-11 16:25:08,966 - INFO - 将跳过训练步骤...
2025-08-11 16:25:08,966 - INFO - 正在初始化仿真器...
2025-08-11 16:25:08,966 - INFO - 仿真器初始化完成
2025-08-11 16:25:08,966 - INFO - 开始光场传播仿真...
2025-08-11 16:25:08,966 - ERROR - 仿真过程出错: 'Simulator' object has no attribute 'run_simulation'
2025-08-11 16:25:08,967 - INFO - 正在创建可视化器...
2025-08-11 16:25:08,967 - INFO - 可视化器创建完成
2025-08-11 16:25:08,967 - INFO - 正在生成可视化结果...
2025-08-11 16:25:08,967 - WARNING - 一致性验证失败: Visualizer._create_evaluation_regions() takes 3 positional arguments but 6 were given
2025-08-11 16:25:08,967 - INFO - 可视化结果生成完成，保存在 results/figures/ 目录
2025-08-11 16:25:08,967 - INFO - 正在生成标签和场数据...
2025-08-11 16:25:08,967 - WARNING - 标签和场数据生成失败: create_labels_mode_wavelength() got an unexpected keyword argument 'num_modes'
2025-08-11 16:25:08,967 - INFO - ============================================================
2025-08-11 16:25:08,967 - INFO - 程序执行完成!
2025-08-11 16:25:08,967 - INFO - 结束时间: 2025-08-11 16:25:08
2025-08-11 16:25:08,967 - INFO - 所有结果已保存在 results/ 目录
2025-08-11 16:25:08,967 - INFO - 配置指定的保存目录: ./results_multi_mode_multi_wl/
2025-08-11 16:25:08,967 - INFO - ============================================================
