2025-08-11 16:31:35,489 - INFO - ============================================================
2025-08-11 16:31:35,489 - INFO - 多模式多波长光场调制系统
2025-08-11 16:31:35,489 - INFO - ============================================================
2025-08-11 16:31:35,489 - INFO - PyTorch版本: 2.5.1
2025-08-11 16:31:35,490 - INFO - CUDA可用: True
2025-08-11 16:31:35,520 - INFO - CUDA设备: NVIDIA GeForce RTX 4060
2025-08-11 16:31:35,520 - INFO - CUDA内存: 8.6 GB
2025-08-11 16:31:35,520 - INFO - 开始时间: 2025-08-11 16:31:35
2025-08-11 16:31:35,520 - INFO - ============================================================
2025-08-11 16:31:35,522 - INFO - 随机种子设置为: 42
2025-08-11 16:31:35,522 - INFO - 输出目录创建完成
2025-08-11 16:31:35,522 - INFO - 正在创建系统配置...
2025-08-11 16:31:35,522 - INFO - 配置创建完成:
2025-08-11 16:31:35,522 - INFO -   - 模式数量: 3
2025-08-11 16:31:35,522 - INFO -   - 波长数量: 3
2025-08-11 16:31:35,522 - INFO -   - 波长: [450, 550, 650] nm
2025-08-11 16:31:35,522 - INFO -   - 场大小: 50x50
2025-08-11 16:31:35,523 - INFO -   - 层大小: 200x200
2025-08-11 16:31:35,523 - INFO -   - 检测区域大小: 15x15
2025-08-11 16:31:35,523 - INFO -   - 检测区域偏移: [(0, 0), (20, 0), (-20, 0)]
2025-08-11 16:31:35,523 - INFO -   - 像素大小: 1.0 μm
2025-08-11 16:31:35,523 - INFO -   - 层间距离: 40.0 μm
2025-08-11 16:31:35,523 - INFO -   - 传播距离: 300.0 μm
2025-08-11 16:31:35,523 - INFO -   - 设备: cuda
2025-08-11 16:31:35,523 - INFO -   - 批次大小: 3
2025-08-11 16:31:35,523 - INFO -   - 学习率: 0.01
2025-08-11 16:31:35,523 - INFO -   - 学习率衰减: 0.99
2025-08-11 16:31:35,523 - INFO -   - 训练轮数: 20
2025-08-11 16:31:35,523 - INFO -   - 保存目录: ./results_multi_mode_multi_wl/
2025-08-11 16:31:35,523 - INFO - 正在初始化数据生成器...
2025-08-11 16:31:35,523 - INFO - 数据生成器初始化成功
2025-08-11 16:31:35,523 - INFO - 正在生成训练数据...
2025-08-11 16:31:35,523 - ERROR - 训练数据生成失败: 数据生成器不可用或缺少方法
2025-08-11 16:31:35,523 - INFO - 创建虚拟数据加载器...
2025-08-11 16:31:35,532 - INFO - 虚拟数据加载器创建完成
2025-08-11 16:31:35,532 - INFO - 正在创建衍射神经网络模型...
2025-08-11 16:31:35,887 - INFO - 模型创建完成:
2025-08-11 16:31:35,888 - INFO -   - 总参数数量: 40,003
2025-08-11 16:31:35,888 - INFO -   - 可训练参数数量: 40,003
2025-08-11 16:31:35,888 - INFO -   - 模型设备: cuda:0
2025-08-11 16:31:35,888 - INFO - 正在初始化训练器...
2025-08-11 16:31:40,246 - INFO - 训练器初始化完成
2025-08-11 16:31:40,246 - INFO - 开始模型训练...
2025-08-11 16:31:40,247 - ERROR - 训练过程出错: 'Trainer' object has no attribute 'train'
2025-08-11 16:31:40,247 - INFO - 正在初始化仿真器...
2025-08-11 16:31:40,247 - INFO - 仿真器初始化完成
2025-08-11 16:31:40,247 - INFO - 开始光场传播仿真...
2025-08-11 16:31:40,249 - ERROR - 仿真过程出错: not enough values to unpack (expected 4, got 3)
2025-08-11 16:31:40,249 - INFO - 正在创建可视化器...
2025-08-11 16:31:40,249 - INFO - 可视化器创建完成
2025-08-11 16:31:40,249 - INFO - 正在生成可视化结果...
2025-08-11 16:31:40,249 - INFO - 执行简化的可视化验证...
2025-08-11 16:31:40,249 - INFO - 可视化结果生成完成，保存在 results/figures/ 目录
2025-08-11 16:31:40,249 - INFO - 正在进行性能评估...
2025-08-11 16:31:40,249 - WARNING - 训练器没有evaluate方法
2025-08-11 16:31:40,249 - INFO - 正在生成标签和场数据...
2025-08-11 16:31:40,254 - INFO - 标签和场数据已保存
2025-08-11 16:31:40,254 - INFO -   - 标签形状: (9, 2)
2025-08-11 16:31:40,254 - INFO -   - 场数据形状: (9, 50, 50)
2025-08-11 16:31:40,254 - INFO - ============================================================
2025-08-11 16:31:40,254 - INFO - 程序执行完成!
2025-08-11 16:31:40,255 - INFO - 结束时间: 2025-08-11 16:31:40
2025-08-11 16:31:40,255 - INFO - 所有结果已保存在 results/ 目录
2025-08-11 16:31:40,255 - INFO - 配置指定的保存目录: ./results_multi_mode_multi_wl/
2025-08-11 16:31:40,255 - INFO - ============================================================
